[2024-09-26 01:50:56,935][flwr][INFO] - Starting Flower server, config: num_rounds=50, no round_timeout
[2024-09-26 01:50:56,936][flwr][INFO] - Flower ECE: gRPC server running (50 rounds), SSL is disabled
[2024-09-26 01:50:56,936][flwr][INFO] - [INIT]
[2024-09-26 01:50:56,936][flwr][INFO] - Requesting initial parameters from one random client
[2024-09-26 01:51:25,184][flwr][INFO] - Received initial parameters from one random client
[2024-09-26 01:51:25,184][flwr][INFO] - Evaluating initial global parameters
[2024-09-26 01:51:25,184][flwr][INFO] - 
[2024-09-26 01:51:25,184][flwr][INFO] - [ROUND 1]
[2024-09-26 01:51:27,536][flwr][INFO] - configure_fit: strategy sampled 10 clients (out of 10)
[2024-09-26 02:02:37,589][flwr][INFO] - aggregate_fit: received 10 results and 0 failures
[2024-09-26 02:02:37,645][flwr][WARNING] - No fit_metrics_aggregation_fn provided
[2024-09-26 02:02:37,645][flwr][INFO] - configure_evaluate: strategy sampled 10 clients (out of 10)
[2024-09-26 02:02:52,442][flwr][INFO] - aggregate_evaluate: received 10 results and 0 failures
[2024-09-26 02:02:52,707][flwr][INFO] - 
[2024-09-26 02:02:52,707][flwr][INFO] - [ROUND 2]
[2024-09-26 02:02:52,708][flwr][INFO] - configure_fit: strategy sampled 10 clients (out of 10)
[2024-09-26 02:14:04,655][flwr][INFO] - aggregate_fit: received 10 results and 0 failures
[2024-09-26 02:14:04,721][flwr][INFO] - configure_evaluate: strategy sampled 10 clients (out of 10)
[2024-09-26 02:14:18,897][flwr][INFO] - aggregate_evaluate: received 10 results and 0 failures
[2024-09-26 02:14:19,224][flwr][INFO] - 
[2024-09-26 02:14:19,225][flwr][INFO] - [ROUND 3]
[2024-09-26 02:14:19,225][flwr][INFO] - configure_fit: strategy sampled 10 clients (out of 10)
[2024-09-26 02:25:29,174][flwr][INFO] - aggregate_fit: received 10 results and 0 failures
[2024-09-26 02:25:29,236][flwr][INFO] - configure_evaluate: strategy sampled 10 clients (out of 10)
[2024-09-26 02:25:43,763][flwr][INFO] - aggregate_evaluate: received 10 results and 0 failures
[2024-09-26 02:25:44,025][flwr][INFO] - 
[2024-09-26 02:25:44,025][flwr][INFO] - [ROUND 4]
[2024-09-26 02:25:44,026][flwr][INFO] - configure_fit: strategy sampled 10 clients (out of 10)
[2024-09-26 02:36:56,278][flwr][INFO] - aggregate_fit: received 10 results and 0 failures
[2024-09-26 02:36:56,347][flwr][INFO] - configure_evaluate: strategy sampled 10 clients (out of 10)
[2024-09-26 02:37:11,237][flwr][INFO] - aggregate_evaluate: received 10 results and 0 failures
[2024-09-26 02:37:11,511][flwr][INFO] - 
[2024-09-26 02:37:11,511][flwr][INFO] - [ROUND 5]
[2024-09-26 02:37:11,512][flwr][INFO] - configure_fit: strategy sampled 10 clients (out of 10)
[2024-09-26 02:48:23,684][flwr][INFO] - aggregate_fit: received 10 results and 0 failures
[2024-09-26 02:48:23,746][flwr][INFO] - configure_evaluate: strategy sampled 10 clients (out of 10)
[2024-09-26 02:48:38,250][flwr][INFO] - aggregate_evaluate: received 10 results and 0 failures
[2024-09-26 02:48:38,517][flwr][INFO] - 
[2024-09-26 02:48:38,517][flwr][INFO] - [ROUND 6]
[2024-09-26 02:48:38,518][flwr][INFO] - configure_fit: strategy sampled 10 clients (out of 10)
[2024-09-26 02:59:50,961][flwr][INFO] - aggregate_fit: received 10 results and 0 failures
[2024-09-26 02:59:51,023][flwr][INFO] - configure_evaluate: strategy sampled 10 clients (out of 10)
[2024-09-26 03:00:05,648][flwr][INFO] - aggregate_evaluate: received 10 results and 0 failures
[2024-09-26 03:00:05,947][flwr][INFO] - 
[2024-09-26 03:00:05,947][flwr][INFO] - [ROUND 7]
[2024-09-26 03:00:05,947][flwr][INFO] - configure_fit: strategy sampled 10 clients (out of 10)
[2024-09-26 03:11:17,955][flwr][INFO] - aggregate_fit: received 10 results and 0 failures
[2024-09-26 03:11:18,021][flwr][INFO] - configure_evaluate: strategy sampled 10 clients (out of 10)
[2024-09-26 03:11:32,854][flwr][INFO] - aggregate_evaluate: received 10 results and 0 failures
[2024-09-26 03:11:33,122][flwr][INFO] - 
[2024-09-26 03:11:33,122][flwr][INFO] - [ROUND 8]
[2024-09-26 03:11:33,123][flwr][INFO] - configure_fit: strategy sampled 10 clients (out of 10)
[2024-09-26 03:22:45,419][flwr][INFO] - aggregate_fit: received 10 results and 0 failures
[2024-09-26 03:22:45,479][flwr][INFO] - configure_evaluate: strategy sampled 10 clients (out of 10)
[2024-09-26 03:23:00,301][flwr][INFO] - aggregate_evaluate: received 10 results and 0 failures
[2024-09-26 03:23:00,561][flwr][INFO] - 
[2024-09-26 03:23:00,562][flwr][INFO] - [ROUND 9]
[2024-09-26 03:23:00,562][flwr][INFO] - configure_fit: strategy sampled 10 clients (out of 10)
[2024-09-26 03:34:10,784][flwr][INFO] - aggregate_fit: received 10 results and 0 failures
[2024-09-26 03:34:10,848][flwr][INFO] - configure_evaluate: strategy sampled 10 clients (out of 10)
[2024-09-26 03:34:25,533][flwr][INFO] - aggregate_evaluate: received 10 results and 0 failures
[2024-09-26 03:34:25,828][flwr][INFO] - 
[2024-09-26 03:34:25,828][flwr][INFO] - [SUMMARY]
[2024-09-26 03:34:25,828][flwr][INFO] - Run finished 50 round(s) in 6180.62s
[2024-09-26 03:34:25,828][flwr][INFO] - 	History (loss, distributed):
[2024-09-26 03:34:25,828][flwr][INFO] - 		round 1: 1.7228950262069702
[2024-09-26 03:34:25,828][flwr][INFO] - 		round 2: 1.6818474650382995
[2024-09-26 03:34:25,828][flwr][INFO] - 		round 3: 1.5929060935974122
[2024-09-26 03:34:25,828][flwr][INFO] - 		round 4: 1.5757980465888977
[2024-09-26 03:34:25,828][flwr][INFO] - 		round 5: 1.8889052629470826
[2024-09-26 03:34:25,828][flwr][INFO] - 		round 6: 1.7606655955314636
[2024-09-26 03:34:25,829][flwr][INFO] - 		round 7: 1.923321795463562
[2024-09-26 03:34:25,829][flwr][INFO] - 		round 8: 2.11111466884613
[2024-09-26 03:34:25,829][flwr][INFO] - 		round 9: 2.1412685990333555
[2024-09-26 03:34:25,829][flwr][INFO] - 	History (metrics, distributed, evaluate):
[2024-09-26 03:34:25,829][flwr][INFO] - 	{'accuracy': [(1, 0.2235294117647059),
[2024-09-26 03:34:25,829][flwr][INFO] - 	              (2, 0.29215686274509806),
[2024-09-26 03:34:25,829][flwr][INFO] - 	              (3, 0.36666666666666664),
[2024-09-26 03:34:25,829][flwr][INFO] - 	              (4, 0.4294117647058823),
[2024-09-26 03:34:25,829][flwr][INFO] - 	              (5, 0.3803921568627451),
[2024-09-26 03:34:25,829][flwr][INFO] - 	              (6, 0.4196078431372549),
[2024-09-26 03:34:25,829][flwr][INFO] - 	              (7, 0.40784313725490196),
[2024-09-26 03:34:25,829][flwr][INFO] - 	              (8, 0.44313725490196076),
[2024-09-26 03:34:25,829][flwr][INFO] - 	              (9, 0.43333333333333335)]}
[2024-09-26 03:34:25,829][flwr][INFO] - 
