[2024-09-25 00:12:26,182][flwr][INFO] - Starting Flower server, config: num_rounds=50, no round_timeout
[2024-09-25 00:12:26,184][flwr][INFO] - Flower ECE: gRPC server running (50 rounds), SSL is disabled
[2024-09-25 00:12:26,185][flwr][INFO] - [INIT]
[2024-09-25 00:12:26,185][flwr][INFO] - Requesting initial parameters from one random client
[2024-09-25 00:12:48,850][flwr][INFO] - Received initial parameters from one random client
[2024-09-25 00:12:48,850][flwr][INFO] - Evaluating initial global parameters
[2024-09-25 00:12:48,850][flwr][INFO] - 
[2024-09-25 00:12:48,850][flwr][INFO] - [ROUND 1]
[2024-09-25 00:12:51,364][flwr][INFO] - configure_fit: strategy sampled 10 clients (out of 10)
[2024-09-25 00:23:56,401][flwr][INFO] - aggregate_fit: received 10 results and 0 failures
[2024-09-25 00:23:56,458][flwr][WARNING] - No fit_metrics_aggregation_fn provided
[2024-09-25 00:23:56,459][flwr][INFO] - configure_evaluate: strategy sampled 10 clients (out of 10)
[2024-09-25 00:24:11,309][flwr][INFO] - aggregate_evaluate: received 10 results and 0 failures
[2024-09-25 00:24:11,576][flwr][INFO] - 
[2024-09-25 00:24:11,576][flwr][INFO] - [ROUND 2]
[2024-09-25 00:24:11,577][flwr][INFO] - configure_fit: strategy sampled 10 clients (out of 10)
[2024-09-25 00:35:26,082][flwr][INFO] - aggregate_fit: received 10 results and 0 failures
[2024-09-25 00:35:26,141][flwr][INFO] - configure_evaluate: strategy sampled 10 clients (out of 10)
[2024-09-25 00:35:41,324][flwr][INFO] - aggregate_evaluate: received 10 results and 0 failures
[2024-09-25 00:35:41,606][flwr][INFO] - 
[2024-09-25 00:35:41,607][flwr][INFO] - [ROUND 3]
[2024-09-25 00:35:41,607][flwr][INFO] - configure_fit: strategy sampled 10 clients (out of 10)
[2024-09-25 00:47:01,318][flwr][INFO] - aggregate_fit: received 10 results and 0 failures
[2024-09-25 00:47:01,383][flwr][INFO] - configure_evaluate: strategy sampled 10 clients (out of 10)
[2024-09-25 00:47:16,918][flwr][INFO] - aggregate_evaluate: received 10 results and 0 failures
[2024-09-25 00:47:17,183][flwr][INFO] - 
[2024-09-25 00:47:17,184][flwr][INFO] - [ROUND 4]
[2024-09-25 00:47:17,184][flwr][INFO] - configure_fit: strategy sampled 10 clients (out of 10)
[2024-09-25 00:58:36,441][flwr][INFO] - aggregate_fit: received 10 results and 0 failures
[2024-09-25 00:58:36,501][flwr][INFO] - configure_evaluate: strategy sampled 10 clients (out of 10)
[2024-09-25 00:58:51,964][flwr][INFO] - aggregate_evaluate: received 10 results and 0 failures
[2024-09-25 00:58:52,241][flwr][INFO] - 
[2024-09-25 00:58:52,241][flwr][INFO] - [ROUND 5]
[2024-09-25 00:58:52,242][flwr][INFO] - configure_fit: strategy sampled 10 clients (out of 10)
[2024-09-25 01:10:14,476][flwr][INFO] - aggregate_fit: received 10 results and 0 failures
[2024-09-25 01:10:14,541][flwr][INFO] - configure_evaluate: strategy sampled 10 clients (out of 10)
[2024-09-25 01:10:29,883][flwr][INFO] - aggregate_evaluate: received 10 results and 0 failures
[2024-09-25 01:10:30,151][flwr][INFO] - 
[2024-09-25 01:10:30,151][flwr][INFO] - [ROUND 6]
[2024-09-25 01:10:30,152][flwr][INFO] - configure_fit: strategy sampled 10 clients (out of 10)
[2024-09-25 01:21:53,825][flwr][INFO] - aggregate_fit: received 10 results and 0 failures
[2024-09-25 01:21:53,884][flwr][INFO] - configure_evaluate: strategy sampled 10 clients (out of 10)
[2024-09-25 01:22:09,515][flwr][INFO] - aggregate_evaluate: received 10 results and 0 failures
[2024-09-25 01:22:09,786][flwr][INFO] - 
[2024-09-25 01:22:09,786][flwr][INFO] - [ROUND 7]
[2024-09-25 01:22:09,787][flwr][INFO] - configure_fit: strategy sampled 10 clients (out of 10)
[2024-09-25 01:33:37,142][flwr][INFO] - aggregate_fit: received 10 results and 0 failures
[2024-09-25 01:33:37,206][flwr][INFO] - configure_evaluate: strategy sampled 10 clients (out of 10)
[2024-09-25 01:33:52,863][flwr][INFO] - aggregate_evaluate: received 10 results and 0 failures
[2024-09-25 01:33:53,137][flwr][INFO] - 
[2024-09-25 01:33:53,137][flwr][INFO] - [ROUND 8]
[2024-09-25 01:33:53,138][flwr][INFO] - configure_fit: strategy sampled 10 clients (out of 10)
[2024-09-25 01:45:19,987][flwr][INFO] - aggregate_fit: received 10 results and 0 failures
[2024-09-25 01:45:20,049][flwr][INFO] - configure_evaluate: strategy sampled 10 clients (out of 10)
[2024-09-25 01:45:35,472][flwr][INFO] - aggregate_evaluate: received 10 results and 0 failures
[2024-09-25 01:45:35,756][flwr][INFO] - 
[2024-09-25 01:45:35,756][flwr][INFO] - [SUMMARY]
[2024-09-25 01:45:35,756][flwr][INFO] - Run finished 50 round(s) in 5566.90s
[2024-09-25 01:45:35,757][flwr][INFO] - 	History (loss, distributed):
[2024-09-25 01:45:35,757][flwr][INFO] - 		round 1: 1.696764636039734
[2024-09-25 01:45:35,757][flwr][INFO] - 		round 2: 1.4264631271362305
[2024-09-25 01:45:35,757][flwr][INFO] - 		round 3: 1.4068267822265625
[2024-09-25 01:45:35,757][flwr][INFO] - 		round 4: 1.55329509973526
[2024-09-25 01:45:35,757][flwr][INFO] - 		round 5: 1.693028450012207
[2024-09-25 01:45:35,758][flwr][INFO] - 		round 6: 1.5653949618339538
[2024-09-25 01:45:35,758][flwr][INFO] - 		round 7: 1.7356830358505249
[2024-09-25 01:45:35,758][flwr][INFO] - 		round 8: 1.895625936985016
[2024-09-25 01:45:35,758][flwr][INFO] - 	History (metrics, distributed, evaluate):
[2024-09-25 01:45:35,758][flwr][INFO] - 	{'accuracy': [(1, 0.29411764705882354),
[2024-09-25 01:45:35,758][flwr][INFO] - 	              (2, 0.46078431372549017),
[2024-09-25 01:45:35,758][flwr][INFO] - 	              (3, 0.4627450980392157),
[2024-09-25 01:45:35,758][flwr][INFO] - 	              (4, 0.4666666666666667),
[2024-09-25 01:45:35,758][flwr][INFO] - 	              (5, 0.4372549019607843),
[2024-09-25 01:45:35,758][flwr][INFO] - 	              (6, 0.4745098039215686),
[2024-09-25 01:45:35,759][flwr][INFO] - 	              (7, 0.43529411764705883),
[2024-09-25 01:45:35,759][flwr][INFO] - 	              (8, 0.44901960784313727)]}
[2024-09-25 01:45:35,759][flwr][INFO] - 
