[2024-09-24 10:55:17,803][flwr][INFO] - Starting Flower server, config: num_rounds=50, no round_timeout
[2024-09-24 10:55:17,808][flwr][INFO] - Flower ECE: gRPC server running (50 rounds), SSL is disabled
[2024-09-24 10:55:17,808][flwr][INFO] - [INIT]
[2024-09-24 10:55:17,808][flwr][INFO] - Requesting initial parameters from one random client
[2024-09-24 10:56:43,313][flwr][INFO] - Received initial parameters from one random client
[2024-09-24 10:56:43,313][flwr][INFO] - Evaluating initial global parameters
[2024-09-24 10:56:43,313][flwr][INFO] - 
[2024-09-24 10:56:43,313][flwr][INFO] - [ROUND 1]
[2024-09-24 10:57:51,505][flwr][INFO] - configure_fit: strategy sampled 10 clients (out of 10)
[2024-09-24 11:21:21,473][flwr][INFO] - aggregate_fit: received 10 results and 0 failures
[2024-09-24 11:21:21,537][flwr][WARNING] - No fit_metrics_aggregation_fn provided
[2024-09-24 11:21:21,537][flwr][INFO] - configure_evaluate: strategy sampled 10 clients (out of 10)
[2024-09-24 11:21:50,868][flwr][INFO] - aggregate_evaluate: received 10 results and 0 failures
[2024-09-24 11:21:51,122][flwr][INFO] - 
[2024-09-24 11:21:51,123][flwr][INFO] - [ROUND 2]
[2024-09-24 11:21:51,123][flwr][INFO] - configure_fit: strategy sampled 10 clients (out of 10)
[2024-09-24 11:45:35,957][flwr][INFO] - aggregate_fit: received 10 results and 0 failures
[2024-09-24 11:45:36,017][flwr][INFO] - configure_evaluate: strategy sampled 10 clients (out of 10)
[2024-09-24 11:46:04,677][flwr][INFO] - aggregate_evaluate: received 10 results and 0 failures
[2024-09-24 11:46:04,944][flwr][INFO] - 
[2024-09-24 11:46:04,944][flwr][INFO] - [ROUND 3]
[2024-09-24 11:46:04,944][flwr][INFO] - configure_fit: strategy sampled 10 clients (out of 10)
[2024-09-24 12:09:57,398][flwr][INFO] - aggregate_fit: received 10 results and 0 failures
[2024-09-24 12:09:57,462][flwr][INFO] - configure_evaluate: strategy sampled 10 clients (out of 10)
[2024-09-24 12:10:26,867][flwr][INFO] - aggregate_evaluate: received 10 results and 0 failures
[2024-09-24 12:10:27,137][flwr][INFO] - 
[2024-09-24 12:10:27,137][flwr][INFO] - [ROUND 4]
[2024-09-24 12:10:27,138][flwr][INFO] - configure_fit: strategy sampled 10 clients (out of 10)
[2024-09-24 12:34:30,893][flwr][INFO] - aggregate_fit: received 10 results and 0 failures
[2024-09-24 12:34:30,956][flwr][INFO] - configure_evaluate: strategy sampled 10 clients (out of 10)
[2024-09-24 12:35:00,607][flwr][INFO] - aggregate_evaluate: received 10 results and 0 failures
[2024-09-24 12:35:00,907][flwr][INFO] - 
[2024-09-24 12:35:00,908][flwr][INFO] - [ROUND 5]
[2024-09-24 12:35:00,908][flwr][INFO] - configure_fit: strategy sampled 10 clients (out of 10)
[2024-09-24 12:59:15,967][flwr][INFO] - aggregate_fit: received 10 results and 0 failures
[2024-09-24 12:59:16,032][flwr][INFO] - configure_evaluate: strategy sampled 10 clients (out of 10)
[2024-09-24 12:59:45,832][flwr][INFO] - aggregate_evaluate: received 10 results and 0 failures
[2024-09-24 12:59:46,093][flwr][INFO] - 
[2024-09-24 12:59:46,093][flwr][INFO] - [ROUND 6]
[2024-09-24 12:59:46,094][flwr][INFO] - configure_fit: strategy sampled 10 clients (out of 10)
[2024-09-24 13:24:03,789][flwr][INFO] - aggregate_fit: received 10 results and 0 failures
[2024-09-24 13:24:03,856][flwr][INFO] - configure_evaluate: strategy sampled 10 clients (out of 10)
[2024-09-24 13:24:34,407][flwr][INFO] - aggregate_evaluate: received 10 results and 0 failures
[2024-09-24 13:24:34,684][flwr][INFO] - 
[2024-09-24 13:24:34,684][flwr][INFO] - [ROUND 7]
[2024-09-24 13:24:34,693][flwr][INFO] - configure_fit: strategy sampled 10 clients (out of 10)
[2024-09-24 13:48:56,211][flwr][INFO] - aggregate_fit: received 10 results and 0 failures
[2024-09-24 13:48:56,278][flwr][INFO] - configure_evaluate: strategy sampled 10 clients (out of 10)
[2024-09-24 13:49:26,359][flwr][INFO] - aggregate_evaluate: received 10 results and 0 failures
[2024-09-24 13:49:26,617][flwr][INFO] - 
[2024-09-24 13:49:26,617][flwr][INFO] - [ROUND 8]
[2024-09-24 13:49:26,618][flwr][INFO] - configure_fit: strategy sampled 10 clients (out of 10)
[2024-09-24 14:13:50,192][flwr][INFO] - aggregate_fit: received 10 results and 0 failures
[2024-09-24 14:13:50,254][flwr][INFO] - configure_evaluate: strategy sampled 10 clients (out of 10)
[2024-09-24 14:14:20,703][flwr][INFO] - aggregate_evaluate: received 10 results and 0 failures
[2024-09-24 14:14:20,981][flwr][INFO] - 
[2024-09-24 14:14:20,981][flwr][INFO] - [SUMMARY]
[2024-09-24 14:14:20,981][flwr][INFO] - Run finished 50 round(s) in 11857.66s
[2024-09-24 14:14:20,982][flwr][INFO] - 	History (loss, distributed):
[2024-09-24 14:14:20,982][flwr][INFO] - 		round 1: 1.6961065769195556
[2024-09-24 14:14:20,982][flwr][INFO] - 		round 2: 1.4337876558303833
[2024-09-24 14:14:20,983][flwr][INFO] - 		round 3: 1.3868539094924928
[2024-09-24 14:14:20,983][flwr][INFO] - 		round 4: 1.4743013381958008
[2024-09-24 14:14:20,983][flwr][INFO] - 		round 5: 1.7281756043434142
[2024-09-24 14:14:20,983][flwr][INFO] - 		round 6: 1.5531812191009522
[2024-09-24 14:14:20,983][flwr][INFO] - 		round 7: 1.8289320111274718
[2024-09-24 14:14:20,983][flwr][INFO] - 		round 8: 1.9194613575935364
[2024-09-24 14:14:20,983][flwr][INFO] - 	History (metrics, distributed, evaluate):
[2024-09-24 14:14:20,983][flwr][INFO] - 	{'accuracy': [(1, 0.3431372549019608),
[2024-09-24 14:14:20,984][flwr][INFO] - 	              (2, 0.43137254901960786),
[2024-09-24 14:14:20,984][flwr][INFO] - 	              (3, 0.48627450980392156),
[2024-09-24 14:14:20,984][flwr][INFO] - 	              (4, 0.47843137254901963),
[2024-09-24 14:14:20,984][flwr][INFO] - 	              (5, 0.4137254901960784),
[2024-09-24 14:14:20,984][flwr][INFO] - 	              (6, 0.46078431372549017),
[2024-09-24 14:14:20,984][flwr][INFO] - 	              (7, 0.45294117647058824),
[2024-09-24 14:14:20,984][flwr][INFO] - 	              (8, 0.4549019607843137)]}
[2024-09-24 14:14:20,984][flwr][INFO] - 
