[2024-09-26 13:29:00,148][flwr][INFO] - Starting Flower server, config: num_rounds=50, no round_timeout
[2024-09-26 13:29:00,152][flwr][INFO] - Flower ECE: gRPC server running (50 rounds), SSL is disabled
[2024-09-26 13:29:00,152][flwr][INFO] - [INIT]
[2024-09-26 13:29:00,153][flwr][INFO] - Requesting initial parameters from one random client
[2024-09-26 13:30:05,954][flwr][INFO] - Received initial parameters from one random client
[2024-09-26 13:30:05,955][flwr][INFO] - Evaluating initial global parameters
[2024-09-26 13:30:05,955][flwr][INFO] - 
[2024-09-26 13:30:05,955][flwr][INFO] - [ROUND 1]
[2024-09-26 13:30:46,155][flwr][INFO] - configure_fit: strategy sampled 10 clients (out of 10)
[2024-09-26 13:40:44,090][flwr][INFO] - aggregate_fit: received 10 results and 0 failures
[2024-09-26 13:40:44,157][flwr][WARNING] - No fit_metrics_aggregation_fn provided
[2024-09-26 13:40:44,157][flwr][INFO] - configure_evaluate: strategy sampled 10 clients (out of 10)
[2024-09-26 13:40:57,803][flwr][INFO] - aggregate_evaluate: received 10 results and 0 failures
[2024-09-26 13:40:58,066][flwr][INFO] - 
[2024-09-26 13:40:58,066][flwr][INFO] - [ROUND 2]
[2024-09-26 13:40:58,067][flwr][INFO] - configure_fit: strategy sampled 10 clients (out of 10)
[2024-09-26 13:51:37,895][flwr][INFO] - aggregate_fit: received 10 results and 0 failures
[2024-09-26 13:51:37,958][flwr][INFO] - configure_evaluate: strategy sampled 10 clients (out of 10)
[2024-09-26 13:51:51,988][flwr][INFO] - aggregate_evaluate: received 10 results and 0 failures
[2024-09-26 13:51:52,254][flwr][INFO] - 
[2024-09-26 13:51:52,254][flwr][INFO] - [ROUND 3]
[2024-09-26 13:51:52,255][flwr][INFO] - configure_fit: strategy sampled 10 clients (out of 10)
[2024-09-26 14:02:35,672][flwr][INFO] - aggregate_fit: received 10 results and 0 failures
[2024-09-26 14:02:35,737][flwr][INFO] - configure_evaluate: strategy sampled 10 clients (out of 10)
[2024-09-26 14:02:49,524][flwr][INFO] - aggregate_evaluate: received 10 results and 0 failures
[2024-09-26 14:02:49,806][flwr][INFO] - 
[2024-09-26 14:02:49,807][flwr][INFO] - [ROUND 4]
[2024-09-26 14:02:49,807][flwr][INFO] - configure_fit: strategy sampled 10 clients (out of 10)
[2024-09-26 14:13:34,398][flwr][INFO] - aggregate_fit: received 10 results and 0 failures
[2024-09-26 14:13:34,464][flwr][INFO] - configure_evaluate: strategy sampled 10 clients (out of 10)
[2024-09-26 14:13:48,290][flwr][INFO] - aggregate_evaluate: received 10 results and 0 failures
[2024-09-26 14:13:48,554][flwr][INFO] - 
[2024-09-26 14:13:48,554][flwr][INFO] - [ROUND 5]
[2024-09-26 14:13:48,554][flwr][INFO] - configure_fit: strategy sampled 10 clients (out of 10)
[2024-09-26 14:24:33,175][flwr][INFO] - aggregate_fit: received 10 results and 0 failures
[2024-09-26 14:24:33,238][flwr][INFO] - configure_evaluate: strategy sampled 10 clients (out of 10)
[2024-09-26 14:24:47,118][flwr][INFO] - aggregate_evaluate: received 10 results and 0 failures
[2024-09-26 14:24:47,383][flwr][INFO] - 
[2024-09-26 14:24:47,383][flwr][INFO] - [ROUND 6]
[2024-09-26 14:24:47,384][flwr][INFO] - configure_fit: strategy sampled 10 clients (out of 10)
[2024-09-26 14:36:30,802][flwr][INFO] - aggregate_fit: received 10 results and 0 failures
[2024-09-26 14:36:30,868][flwr][INFO] - configure_evaluate: strategy sampled 10 clients (out of 10)
[2024-09-26 14:36:44,284][flwr][INFO] - aggregate_evaluate: received 10 results and 0 failures
[2024-09-26 14:36:44,553][flwr][INFO] - 
[2024-09-26 14:36:44,554][flwr][INFO] - [ROUND 7]
[2024-09-26 14:36:44,562][flwr][INFO] - configure_fit: strategy sampled 10 clients (out of 10)
[2024-09-26 14:47:11,241][flwr][INFO] - aggregate_fit: received 10 results and 0 failures
[2024-09-26 14:47:11,305][flwr][INFO] - configure_evaluate: strategy sampled 10 clients (out of 10)
[2024-09-26 14:47:24,779][flwr][INFO] - aggregate_evaluate: received 10 results and 0 failures
[2024-09-26 14:47:25,150][flwr][INFO] - 
[2024-09-26 14:47:25,150][flwr][INFO] - [ROUND 8]
[2024-09-26 14:47:25,151][flwr][INFO] - configure_fit: strategy sampled 10 clients (out of 10)
[2024-09-26 14:58:06,696][flwr][INFO] - aggregate_fit: received 10 results and 0 failures
[2024-09-26 14:58:06,760][flwr][INFO] - configure_evaluate: strategy sampled 10 clients (out of 10)
[2024-09-26 14:58:20,505][flwr][INFO] - aggregate_evaluate: received 10 results and 0 failures
[2024-09-26 14:58:20,783][flwr][INFO] - 
[2024-09-26 14:58:20,783][flwr][INFO] - [ROUND 9]
[2024-09-26 14:58:20,784][flwr][INFO] - configure_fit: strategy sampled 10 clients (out of 10)
[2024-09-26 15:09:03,404][flwr][INFO] - aggregate_fit: received 10 results and 0 failures
[2024-09-26 15:09:03,470][flwr][INFO] - configure_evaluate: strategy sampled 10 clients (out of 10)
[2024-09-26 15:09:17,281][flwr][INFO] - aggregate_evaluate: received 10 results and 0 failures
[2024-09-26 15:09:17,565][flwr][INFO] - 
[2024-09-26 15:09:17,565][flwr][INFO] - [ROUND 10]
[2024-09-26 15:09:17,566][flwr][INFO] - configure_fit: strategy sampled 10 clients (out of 10)
[2024-09-26 15:19:59,406][flwr][INFO] - aggregate_fit: received 10 results and 0 failures
[2024-09-26 15:19:59,470][flwr][INFO] - configure_evaluate: strategy sampled 10 clients (out of 10)
[2024-09-26 15:20:13,361][flwr][INFO] - aggregate_evaluate: received 10 results and 0 failures
[2024-09-26 15:20:13,637][flwr][INFO] - 
[2024-09-26 15:20:13,637][flwr][INFO] - [ROUND 11]
[2024-09-26 15:20:13,638][flwr][INFO] - configure_fit: strategy sampled 10 clients (out of 10)
[2024-09-26 15:30:55,360][flwr][INFO] - aggregate_fit: received 10 results and 0 failures
[2024-09-26 15:30:55,424][flwr][INFO] - configure_evaluate: strategy sampled 10 clients (out of 10)
[2024-09-26 15:31:09,148][flwr][INFO] - aggregate_evaluate: received 10 results and 0 failures
[2024-09-26 15:31:09,416][flwr][INFO] - 
[2024-09-26 15:31:09,416][flwr][INFO] - [ROUND 12]
[2024-09-26 15:31:09,417][flwr][INFO] - configure_fit: strategy sampled 10 clients (out of 10)
[2024-09-26 15:42:04,330][flwr][INFO] - aggregate_fit: received 10 results and 0 failures
[2024-09-26 15:42:04,395][flwr][INFO] - configure_evaluate: strategy sampled 10 clients (out of 10)
[2024-09-26 15:42:16,925][flwr][INFO] - aggregate_evaluate: received 10 results and 0 failures
[2024-09-26 15:42:17,345][flwr][INFO] - 
[2024-09-26 15:42:17,345][flwr][INFO] - [ROUND 13]
[2024-09-26 15:42:17,353][flwr][INFO] - configure_fit: strategy sampled 10 clients (out of 10)
[2024-09-26 15:52:57,414][flwr][INFO] - aggregate_fit: received 10 results and 0 failures
[2024-09-26 15:52:57,472][flwr][INFO] - configure_evaluate: strategy sampled 10 clients (out of 10)
[2024-09-26 15:53:11,528][flwr][INFO] - aggregate_evaluate: received 10 results and 0 failures
[2024-09-26 15:53:11,803][flwr][INFO] - 
[2024-09-26 15:53:11,803][flwr][INFO] - [ROUND 14]
[2024-09-26 15:53:11,803][flwr][INFO] - configure_fit: strategy sampled 10 clients (out of 10)
[2024-09-26 16:03:56,115][flwr][INFO] - aggregate_fit: received 10 results and 0 failures
[2024-09-26 16:03:56,174][flwr][INFO] - configure_evaluate: strategy sampled 10 clients (out of 10)
[2024-09-26 16:04:09,483][flwr][INFO] - aggregate_evaluate: received 10 results and 0 failures
[2024-09-26 16:04:09,767][flwr][INFO] - 
[2024-09-26 16:04:09,767][flwr][INFO] - [ROUND 15]
[2024-09-26 16:04:09,768][flwr][INFO] - configure_fit: strategy sampled 10 clients (out of 10)
[2024-09-26 16:14:55,133][flwr][INFO] - aggregate_fit: received 10 results and 0 failures
[2024-09-26 16:14:55,199][flwr][INFO] - configure_evaluate: strategy sampled 10 clients (out of 10)
[2024-09-26 16:15:08,991][flwr][INFO] - aggregate_evaluate: received 10 results and 0 failures
[2024-09-26 16:15:09,267][flwr][INFO] - 
[2024-09-26 16:15:09,267][flwr][INFO] - [ROUND 16]
[2024-09-26 16:15:09,268][flwr][INFO] - configure_fit: strategy sampled 10 clients (out of 10)
[2024-09-26 16:25:56,457][flwr][INFO] - aggregate_fit: received 10 results and 0 failures
[2024-09-26 16:25:56,517][flwr][INFO] - configure_evaluate: strategy sampled 10 clients (out of 10)
[2024-09-26 16:26:10,619][flwr][INFO] - aggregate_evaluate: received 10 results and 0 failures
[2024-09-26 16:26:10,885][flwr][INFO] - 
[2024-09-26 16:26:10,885][flwr][INFO] - [ROUND 17]
[2024-09-26 16:26:10,885][flwr][INFO] - configure_fit: strategy sampled 10 clients (out of 10)
[2024-09-26 16:36:55,637][flwr][INFO] - aggregate_fit: received 10 results and 0 failures
[2024-09-26 16:36:55,702][flwr][INFO] - configure_evaluate: strategy sampled 10 clients (out of 10)
[2024-09-26 16:37:09,681][flwr][INFO] - aggregate_evaluate: received 10 results and 0 failures
[2024-09-26 16:37:09,956][flwr][INFO] - 
[2024-09-26 16:37:09,957][flwr][INFO] - [ROUND 18]
[2024-09-26 16:37:09,957][flwr][INFO] - configure_fit: strategy sampled 10 clients (out of 10)
[2024-09-26 16:47:54,293][flwr][INFO] - aggregate_fit: received 10 results and 0 failures
[2024-09-26 16:47:54,361][flwr][INFO] - configure_evaluate: strategy sampled 10 clients (out of 10)
[2024-09-26 16:48:08,139][flwr][INFO] - aggregate_evaluate: received 10 results and 0 failures
[2024-09-26 16:48:08,403][flwr][INFO] - 
[2024-09-26 16:48:08,403][flwr][INFO] - [ROUND 19]
[2024-09-26 16:48:08,404][flwr][INFO] - configure_fit: strategy sampled 10 clients (out of 10)
