[2024-09-25 14:08:48,268][flwr][INFO] - Starting Flower server, config: num_rounds=50, no round_timeout
[2024-09-25 14:08:48,270][flwr][INFO] - Flower ECE: gRPC server running (50 rounds), SSL is disabled
[2024-09-25 14:08:48,270][flwr][INFO] - [INIT]
[2024-09-25 14:08:48,270][flwr][INFO] - Requesting initial parameters from one random client
[2024-09-25 14:09:10,872][flwr][INFO] - Received initial parameters from one random client
[2024-09-25 14:09:10,872][flwr][INFO] - Evaluating initial global parameters
[2024-09-25 14:09:10,872][flwr][INFO] - 
[2024-09-25 14:09:10,872][flwr][INFO] - [ROUND 1]
[2024-09-25 14:09:13,550][flwr][INFO] - configure_fit: strategy sampled 10 clients (out of 10)
[2024-09-25 14:20:32,336][flwr][INFO] - aggregate_fit: received 10 results and 0 failures
[2024-09-25 14:20:32,396][flwr][WARNING] - No fit_metrics_aggregation_fn provided
[2024-09-25 14:20:32,397][flwr][INFO] - configure_evaluate: strategy sampled 10 clients (out of 10)
[2024-09-25 14:20:47,866][flwr][INFO] - aggregate_evaluate: received 10 results and 0 failures
[2024-09-25 14:20:48,137][flwr][INFO] - 
[2024-09-25 14:20:48,137][flwr][INFO] - [ROUND 2]
[2024-09-25 14:20:48,138][flwr][INFO] - configure_fit: strategy sampled 10 clients (out of 10)
[2024-09-25 14:32:18,036][flwr][INFO] - aggregate_fit: received 10 results and 0 failures
[2024-09-25 14:32:18,098][flwr][INFO] - configure_evaluate: strategy sampled 10 clients (out of 10)
[2024-09-25 14:32:33,899][flwr][INFO] - aggregate_evaluate: received 10 results and 0 failures
[2024-09-25 14:32:34,159][flwr][INFO] - 
[2024-09-25 14:32:34,160][flwr][INFO] - [ROUND 3]
[2024-09-25 14:32:34,160][flwr][INFO] - configure_fit: strategy sampled 10 clients (out of 10)
[2024-09-25 14:43:57,997][flwr][INFO] - aggregate_fit: received 10 results and 0 failures
[2024-09-25 14:43:58,057][flwr][INFO] - configure_evaluate: strategy sampled 10 clients (out of 10)
[2024-09-25 14:44:14,339][flwr][INFO] - aggregate_evaluate: received 10 results and 0 failures
[2024-09-25 14:44:14,626][flwr][INFO] - 
[2024-09-25 14:44:14,627][flwr][INFO] - [ROUND 4]
[2024-09-25 14:44:14,635][flwr][INFO] - configure_fit: strategy sampled 10 clients (out of 10)
[2024-09-25 14:55:45,171][flwr][INFO] - aggregate_fit: received 10 results and 0 failures
[2024-09-25 14:55:45,232][flwr][INFO] - configure_evaluate: strategy sampled 10 clients (out of 10)
[2024-09-25 14:56:00,537][flwr][INFO] - aggregate_evaluate: received 10 results and 0 failures
[2024-09-25 14:56:00,838][flwr][INFO] - 
[2024-09-25 14:56:00,838][flwr][INFO] - [ROUND 5]
[2024-09-25 14:56:00,838][flwr][INFO] - configure_fit: strategy sampled 10 clients (out of 10)
[2024-09-25 15:07:30,628][flwr][INFO] - aggregate_fit: received 10 results and 0 failures
[2024-09-25 15:07:30,689][flwr][INFO] - configure_evaluate: strategy sampled 10 clients (out of 10)
[2024-09-25 15:07:46,166][flwr][INFO] - aggregate_evaluate: received 10 results and 0 failures
[2024-09-25 15:07:46,431][flwr][INFO] - 
[2024-09-25 15:07:46,432][flwr][INFO] - [ROUND 6]
[2024-09-25 15:07:46,432][flwr][INFO] - configure_fit: strategy sampled 10 clients (out of 10)
[2024-09-25 15:19:15,045][flwr][INFO] - aggregate_fit: received 10 results and 0 failures
[2024-09-25 15:19:15,110][flwr][INFO] - configure_evaluate: strategy sampled 10 clients (out of 10)
[2024-09-25 15:19:30,688][flwr][INFO] - aggregate_evaluate: received 10 results and 0 failures
[2024-09-25 15:19:30,951][flwr][INFO] - 
[2024-09-25 15:19:30,952][flwr][INFO] - [ROUND 7]
[2024-09-25 15:19:30,952][flwr][INFO] - configure_fit: strategy sampled 10 clients (out of 10)
[2024-09-25 15:30:58,044][flwr][INFO] - aggregate_fit: received 10 results and 0 failures
[2024-09-25 15:30:58,103][flwr][INFO] - configure_evaluate: strategy sampled 10 clients (out of 10)
[2024-09-25 15:31:14,056][flwr][INFO] - aggregate_evaluate: received 10 results and 0 failures
[2024-09-25 15:31:14,347][flwr][INFO] - 
[2024-09-25 15:31:14,347][flwr][INFO] - [ROUND 8]
[2024-09-25 15:31:14,348][flwr][INFO] - configure_fit: strategy sampled 10 clients (out of 10)
[2024-09-25 15:42:43,088][flwr][INFO] - aggregate_fit: received 10 results and 0 failures
[2024-09-25 15:42:43,152][flwr][INFO] - configure_evaluate: strategy sampled 10 clients (out of 10)
[2024-09-25 15:42:58,625][flwr][INFO] - aggregate_evaluate: received 10 results and 0 failures
[2024-09-25 15:42:58,912][flwr][INFO] - 
[2024-09-25 15:42:58,913][flwr][INFO] - [SUMMARY]
[2024-09-25 15:42:58,913][flwr][INFO] - Run finished 50 round(s) in 5628.03s
[2024-09-25 15:42:58,913][flwr][INFO] - 	History (loss, distributed):
[2024-09-25 15:42:58,913][flwr][INFO] - 		round 1: 1.6967646121978759
[2024-09-25 15:42:58,913][flwr][INFO] - 		round 2: 1.4261309504508972
[2024-09-25 15:42:58,913][flwr][INFO] - 		round 3: 1.3724986791610718
[2024-09-25 15:42:58,913][flwr][INFO] - 		round 4: 1.4666590809822082
[2024-09-25 15:42:58,913][flwr][INFO] - 		round 5: 1.625947904586792
[2024-09-25 15:42:58,913][flwr][INFO] - 		round 6: 1.5703114509582519
[2024-09-25 15:42:58,913][flwr][INFO] - 		round 7: 1.764441430568695
[2024-09-25 15:42:58,913][flwr][INFO] - 		round 8: 1.9676525235176086
[2024-09-25 15:42:58,913][flwr][INFO] - 	History (metrics, distributed, evaluate):
[2024-09-25 15:42:58,913][flwr][INFO] - 	{'accuracy': [(1, 0.29411764705882354),
[2024-09-25 15:42:58,913][flwr][INFO] - 	              (2, 0.44313725490196076),
[2024-09-25 15:42:58,913][flwr][INFO] - 	              (3, 0.4843137254901961),
[2024-09-25 15:42:58,913][flwr][INFO] - 	              (4, 0.47058823529411764),
[2024-09-25 15:42:58,913][flwr][INFO] - 	              (5, 0.4392156862745098),
[2024-09-25 15:42:58,913][flwr][INFO] - 	              (6, 0.4725490196078431),
[2024-09-25 15:42:58,913][flwr][INFO] - 	              (7, 0.4470588235294118),
[2024-09-25 15:42:58,913][flwr][INFO] - 	              (8, 0.4568627450980392)]}
[2024-09-25 15:42:58,913][flwr][INFO] - 
