[2024-09-25 07:59:59,629][flwr][INFO] - Starting Flower server, config: num_rounds=50, no round_timeout
[2024-09-25 07:59:59,631][flwr][INFO] - Flower ECE: gRPC server running (50 rounds), SSL is disabled
[2024-09-25 07:59:59,631][flwr][INFO] - [INIT]
[2024-09-25 07:59:59,631][flwr][INFO] - Requesting initial parameters from one random client
[2024-09-25 08:00:21,945][flwr][INFO] - Received initial parameters from one random client
[2024-09-25 08:00:21,945][flwr][INFO] - Evaluating initial global parameters
[2024-09-25 08:00:21,945][flwr][INFO] - 
[2024-09-25 08:00:21,945][flwr][INFO] - [ROUND 1]
[2024-09-25 08:00:24,867][flwr][INFO] - configure_fit: strategy sampled 10 clients (out of 10)
[2024-09-25 08:11:36,472][flwr][INFO] - aggregate_fit: received 10 results and 0 failures
[2024-09-25 08:11:36,533][flwr][WARNING] - No fit_metrics_aggregation_fn provided
[2024-09-25 08:11:36,533][flwr][INFO] - configure_evaluate: strategy sampled 10 clients (out of 10)
[2024-09-25 08:11:52,174][flwr][INFO] - aggregate_evaluate: received 10 results and 0 failures
[2024-09-25 08:11:52,437][flwr][INFO] - 
[2024-09-25 08:11:52,438][flwr][INFO] - [ROUND 2]
[2024-09-25 08:11:52,438][flwr][INFO] - configure_fit: strategy sampled 10 clients (out of 10)
[2024-09-25 08:23:03,755][flwr][INFO] - aggregate_fit: received 10 results and 0 failures
[2024-09-25 08:23:03,815][flwr][INFO] - configure_evaluate: strategy sampled 10 clients (out of 10)
[2024-09-25 08:23:19,079][flwr][INFO] - aggregate_evaluate: received 10 results and 0 failures
[2024-09-25 08:23:19,361][flwr][INFO] - 
[2024-09-25 08:23:19,361][flwr][INFO] - [ROUND 3]
[2024-09-25 08:23:19,362][flwr][INFO] - configure_fit: strategy sampled 10 clients (out of 10)
[2024-09-25 08:34:30,305][flwr][INFO] - aggregate_fit: received 10 results and 0 failures
[2024-09-25 08:34:30,367][flwr][INFO] - configure_evaluate: strategy sampled 10 clients (out of 10)
[2024-09-25 08:34:45,548][flwr][INFO] - aggregate_evaluate: received 10 results and 0 failures
[2024-09-25 08:34:45,830][flwr][INFO] - 
[2024-09-25 08:34:45,830][flwr][INFO] - [ROUND 4]
[2024-09-25 08:34:45,831][flwr][INFO] - configure_fit: strategy sampled 10 clients (out of 10)
[2024-09-25 08:45:53,225][flwr][INFO] - aggregate_fit: received 10 results and 0 failures
[2024-09-25 08:45:53,284][flwr][INFO] - configure_evaluate: strategy sampled 10 clients (out of 10)
[2024-09-25 08:46:08,548][flwr][INFO] - aggregate_evaluate: received 10 results and 0 failures
[2024-09-25 08:46:08,824][flwr][INFO] - 
[2024-09-25 08:46:08,824][flwr][INFO] - [ROUND 5]
[2024-09-25 08:46:08,825][flwr][INFO] - configure_fit: strategy sampled 10 clients (out of 10)
[2024-09-25 08:57:19,518][flwr][INFO] - aggregate_fit: received 10 results and 0 failures
[2024-09-25 08:57:19,580][flwr][INFO] - configure_evaluate: strategy sampled 10 clients (out of 10)
[2024-09-25 08:57:34,900][flwr][INFO] - aggregate_evaluate: received 10 results and 0 failures
[2024-09-25 08:57:35,161][flwr][INFO] - 
[2024-09-25 08:57:35,162][flwr][INFO] - [ROUND 6]
[2024-09-25 08:57:35,162][flwr][INFO] - configure_fit: strategy sampled 10 clients (out of 10)
[2024-09-25 09:08:44,130][flwr][INFO] - aggregate_fit: received 10 results and 0 failures
[2024-09-25 09:08:44,191][flwr][INFO] - configure_evaluate: strategy sampled 10 clients (out of 10)
[2024-09-25 09:08:59,476][flwr][INFO] - aggregate_evaluate: received 10 results and 0 failures
[2024-09-25 09:08:59,755][flwr][INFO] - 
[2024-09-25 09:08:59,756][flwr][INFO] - [ROUND 7]
[2024-09-25 09:08:59,756][flwr][INFO] - configure_fit: strategy sampled 10 clients (out of 10)
[2024-09-25 09:20:06,751][flwr][INFO] - aggregate_fit: received 10 results and 0 failures
[2024-09-25 09:20:06,809][flwr][INFO] - configure_evaluate: strategy sampled 10 clients (out of 10)
[2024-09-25 09:20:22,037][flwr][INFO] - aggregate_evaluate: received 10 results and 0 failures
[2024-09-25 09:20:22,300][flwr][INFO] - 
[2024-09-25 09:20:22,300][flwr][INFO] - [ROUND 8]
[2024-09-25 09:20:22,301][flwr][INFO] - configure_fit: strategy sampled 10 clients (out of 10)
[2024-09-25 09:31:29,663][flwr][INFO] - aggregate_fit: received 10 results and 0 failures
[2024-09-25 09:31:29,726][flwr][INFO] - configure_evaluate: strategy sampled 10 clients (out of 10)
[2024-09-25 09:31:44,799][flwr][INFO] - aggregate_evaluate: received 10 results and 0 failures
[2024-09-25 09:31:45,156][flwr][INFO] - 
[2024-09-25 09:31:45,156][flwr][INFO] - [SUMMARY]
[2024-09-25 09:31:45,156][flwr][INFO] - Run finished 50 round(s) in 5483.21s
[2024-09-25 09:31:45,157][flwr][INFO] - 	History (loss, distributed):
[2024-09-25 09:31:45,157][flwr][INFO] - 		round 1: 1.6201051235198975
[2024-09-25 09:31:45,157][flwr][INFO] - 		round 2: 1.3948962450027467
[2024-09-25 09:31:45,157][flwr][INFO] - 		round 3: 1.3054465055465698
[2024-09-25 09:31:45,157][flwr][INFO] - 		round 4: 1.4008089184761048
[2024-09-25 09:31:45,157][flwr][INFO] - 		round 5: 1.6448202967643737
[2024-09-25 09:31:45,157][flwr][INFO] - 		round 6: 1.511183214187622
[2024-09-25 09:31:45,157][flwr][INFO] - 		round 7: 1.6596002459526062
[2024-09-25 09:31:45,157][flwr][INFO] - 		round 8: 1.7952024698257447
[2024-09-25 09:31:45,157][flwr][INFO] - 	History (metrics, distributed, evaluate):
[2024-09-25 09:31:45,157][flwr][INFO] - 	{'accuracy': [(1, 0.33137254901960783),
[2024-09-25 09:31:45,157][flwr][INFO] - 	              (2, 0.4568627450980392),
[2024-09-25 09:31:45,157][flwr][INFO] - 	              (3, 0.5254901960784314),
[2024-09-25 09:31:45,157][flwr][INFO] - 	              (4, 0.4980392156862745),
[2024-09-25 09:31:45,157][flwr][INFO] - 	              (5, 0.4725490196078431),
[2024-09-25 09:31:45,157][flwr][INFO] - 	              (6, 0.5176470588235295),
[2024-09-25 09:31:45,157][flwr][INFO] - 	              (7, 0.4843137254901961),
[2024-09-25 09:31:45,157][flwr][INFO] - 	              (8, 0.5019607843137255)]}
[2024-09-25 09:31:45,157][flwr][INFO] - 
