[2024-09-26 00:07:40,163][flwr][INFO] - Starting Flower server, config: num_rounds=50, no round_timeout
[2024-09-26 00:07:40,165][flwr][INFO] - Flower ECE: gRPC server running (50 rounds), SSL is disabled
[2024-09-26 00:07:40,165][flwr][INFO] - [INIT]
[2024-09-26 00:07:40,165][flwr][INFO] - Requesting initial parameters from one random client
[2024-09-26 00:08:04,539][flwr][INFO] - Received initial parameters from one random client
[2024-09-26 00:08:04,539][flwr][INFO] - Evaluating initial global parameters
[2024-09-26 00:08:04,539][flwr][INFO] - 
[2024-09-26 00:08:04,539][flwr][INFO] - [ROUND 1]
[2024-09-26 00:08:07,347][flwr][INFO] - configure_fit: strategy sampled 10 clients (out of 10)
[2024-09-26 00:19:16,677][flwr][INFO] - aggregate_fit: received 10 results and 0 failures
[2024-09-26 00:19:16,736][flwr][WARNING] - No fit_metrics_aggregation_fn provided
[2024-09-26 00:19:16,736][flwr][INFO] - configure_evaluate: strategy sampled 10 clients (out of 10)
[2024-09-26 00:19:31,043][flwr][INFO] - aggregate_evaluate: received 10 results and 0 failures
[2024-09-26 00:19:31,303][flwr][INFO] - 
[2024-09-26 00:19:31,303][flwr][INFO] - [ROUND 2]
[2024-09-26 00:19:31,303][flwr][INFO] - configure_fit: strategy sampled 10 clients (out of 10)
[2024-09-26 00:30:44,688][flwr][INFO] - aggregate_fit: received 10 results and 0 failures
[2024-09-26 00:30:44,748][flwr][INFO] - configure_evaluate: strategy sampled 10 clients (out of 10)
[2024-09-26 00:30:59,162][flwr][INFO] - aggregate_evaluate: received 10 results and 0 failures
[2024-09-26 00:30:59,420][flwr][INFO] - 
[2024-09-26 00:30:59,420][flwr][INFO] - [ROUND 3]
[2024-09-26 00:30:59,421][flwr][INFO] - configure_fit: strategy sampled 10 clients (out of 10)
[2024-09-26 00:42:10,782][flwr][INFO] - aggregate_fit: received 10 results and 0 failures
[2024-09-26 00:42:10,842][flwr][INFO] - configure_evaluate: strategy sampled 10 clients (out of 10)
[2024-09-26 00:42:25,469][flwr][INFO] - aggregate_evaluate: received 10 results and 0 failures
[2024-09-26 00:42:25,729][flwr][INFO] - 
[2024-09-26 00:42:25,729][flwr][INFO] - [ROUND 4]
[2024-09-26 00:42:25,730][flwr][INFO] - configure_fit: strategy sampled 10 clients (out of 10)
[2024-09-26 00:53:36,488][flwr][INFO] - aggregate_fit: received 10 results and 0 failures
[2024-09-26 00:53:36,551][flwr][INFO] - configure_evaluate: strategy sampled 10 clients (out of 10)
[2024-09-26 00:53:51,382][flwr][INFO] - aggregate_evaluate: received 10 results and 0 failures
[2024-09-26 00:53:51,651][flwr][INFO] - 
[2024-09-26 00:53:51,651][flwr][INFO] - [ROUND 5]
[2024-09-26 00:53:51,652][flwr][INFO] - configure_fit: strategy sampled 10 clients (out of 10)
[2024-09-26 01:04:59,657][flwr][INFO] - aggregate_fit: received 10 results and 0 failures
[2024-09-26 01:04:59,720][flwr][INFO] - configure_evaluate: strategy sampled 10 clients (out of 10)
[2024-09-26 01:05:14,335][flwr][INFO] - aggregate_evaluate: received 10 results and 0 failures
[2024-09-26 01:05:14,600][flwr][INFO] - 
[2024-09-26 01:05:14,600][flwr][INFO] - [ROUND 6]
[2024-09-26 01:05:14,601][flwr][INFO] - configure_fit: strategy sampled 10 clients (out of 10)
[2024-09-26 01:16:24,693][flwr][INFO] - aggregate_fit: received 10 results and 0 failures
[2024-09-26 01:16:24,753][flwr][INFO] - configure_evaluate: strategy sampled 10 clients (out of 10)
[2024-09-26 01:16:38,937][flwr][INFO] - aggregate_evaluate: received 10 results and 0 failures
[2024-09-26 01:16:39,211][flwr][INFO] - 
[2024-09-26 01:16:39,211][flwr][INFO] - [ROUND 7]
[2024-09-26 01:16:39,212][flwr][INFO] - configure_fit: strategy sampled 10 clients (out of 10)
[2024-09-26 01:27:48,790][flwr][INFO] - aggregate_fit: received 10 results and 0 failures
[2024-09-26 01:27:48,856][flwr][INFO] - configure_evaluate: strategy sampled 10 clients (out of 10)
[2024-09-26 01:28:03,385][flwr][INFO] - aggregate_evaluate: received 10 results and 0 failures
[2024-09-26 01:28:03,661][flwr][INFO] - 
[2024-09-26 01:28:03,661][flwr][INFO] - [ROUND 8]
[2024-09-26 01:28:03,662][flwr][INFO] - configure_fit: strategy sampled 10 clients (out of 10)
[2024-09-26 01:39:15,942][flwr][INFO] - aggregate_fit: received 10 results and 0 failures
[2024-09-26 01:39:16,006][flwr][INFO] - configure_evaluate: strategy sampled 10 clients (out of 10)
[2024-09-26 01:39:30,622][flwr][INFO] - aggregate_evaluate: received 10 results and 0 failures
[2024-09-26 01:39:30,949][flwr][INFO] - 
[2024-09-26 01:39:30,949][flwr][INFO] - [ROUND 9]
[2024-09-26 01:39:30,950][flwr][INFO] - configure_fit: strategy sampled 10 clients (out of 10)
[2024-09-26 01:50:41,789][flwr][INFO] - aggregate_fit: received 10 results and 0 failures
[2024-09-26 01:50:41,853][flwr][INFO] - configure_evaluate: strategy sampled 10 clients (out of 10)
[2024-09-26 01:50:56,250][flwr][INFO] - aggregate_evaluate: received 10 results and 0 failures
[2024-09-26 01:50:56,521][flwr][INFO] - 
[2024-09-26 01:50:56,521][flwr][INFO] - [SUMMARY]
[2024-09-26 01:50:56,521][flwr][INFO] - Run finished 50 round(s) in 6171.98s
[2024-09-26 01:50:56,522][flwr][INFO] - 	History (loss, distributed):
[2024-09-26 01:50:56,522][flwr][INFO] - 		round 1: 1.7361303567886353
[2024-09-26 01:50:56,522][flwr][INFO] - 		round 2: 1.6725295305252075
[2024-09-26 01:50:56,522][flwr][INFO] - 		round 3: 1.5422246217727662
[2024-09-26 01:50:56,522][flwr][INFO] - 		round 4: 1.4347979426383972
[2024-09-26 01:50:56,522][flwr][INFO] - 		round 5: 1.6659952759742738
[2024-09-26 01:50:56,522][flwr][INFO] - 		round 6: 1.5993053674697877
[2024-09-26 01:50:56,522][flwr][INFO] - 		round 7: 1.6624760985374452
[2024-09-26 01:50:56,523][flwr][INFO] - 		round 8: 1.7976753473281861
[2024-09-26 01:50:56,523][flwr][INFO] - 		round 9: 1.792104434967041
[2024-09-26 01:50:56,523][flwr][INFO] - 	History (metrics, distributed, evaluate):
[2024-09-26 01:50:56,523][flwr][INFO] - 	{'accuracy': [(1, 0.21176470588235294),
[2024-09-26 01:50:56,523][flwr][INFO] - 	              (2, 0.30392156862745096),
[2024-09-26 01:50:56,523][flwr][INFO] - 	              (3, 0.4),
[2024-09-26 01:50:56,523][flwr][INFO] - 	              (4, 0.43529411764705883),
[2024-09-26 01:50:56,523][flwr][INFO] - 	              (5, 0.4117647058823529),
[2024-09-26 01:50:56,523][flwr][INFO] - 	              (6, 0.45098039215686275),
[2024-09-26 01:50:56,523][flwr][INFO] - 	              (7, 0.4392156862745098),
[2024-09-26 01:50:56,523][flwr][INFO] - 	              (8, 0.4764705882352941),
[2024-09-26 01:50:56,524][flwr][INFO] - 	              (9, 0.4568627450980392)]}
[2024-09-26 01:50:56,524][flwr][INFO] - 
