[2024-09-24 21:03:40,580][flwr][INFO] - Starting Flower server, config: num_rounds=50, no round_timeout
[2024-09-24 21:03:40,581][flwr][INFO] - Flower ECE: gRPC server running (50 rounds), SSL is disabled
[2024-09-24 21:03:40,581][flwr][INFO] - [INIT]
[2024-09-24 21:03:40,581][flwr][INFO] - Requesting initial parameters from one random client
[2024-09-24 21:04:03,535][flwr][INFO] - Received initial parameters from one random client
[2024-09-24 21:04:03,535][flwr][INFO] - Evaluating initial global parameters
[2024-09-24 21:04:03,535][flwr][INFO] - 
[2024-09-24 21:04:03,535][flwr][INFO] - [ROUND 1]
[2024-09-24 21:04:06,056][flwr][INFO] - configure_fit: strategy sampled 10 clients (out of 10)
[2024-09-24 21:15:28,813][flwr][INFO] - aggregate_fit: received 10 results and 0 failures
[2024-09-24 21:15:28,871][flwr][WARNING] - No fit_metrics_aggregation_fn provided
[2024-09-24 21:15:28,872][flwr][INFO] - configure_evaluate: strategy sampled 10 clients (out of 10)
[2024-09-24 21:15:43,979][flwr][INFO] - aggregate_evaluate: received 10 results and 0 failures
[2024-09-24 21:15:44,304][flwr][INFO] - 
[2024-09-24 21:15:44,305][flwr][INFO] - [ROUND 2]
[2024-09-24 21:15:44,305][flwr][INFO] - configure_fit: strategy sampled 10 clients (out of 10)
[2024-09-24 21:26:59,984][flwr][INFO] - aggregate_fit: received 10 results and 0 failures
[2024-09-24 21:27:00,053][flwr][INFO] - configure_evaluate: strategy sampled 10 clients (out of 10)
[2024-09-24 21:27:15,443][flwr][INFO] - aggregate_evaluate: received 10 results and 0 failures
[2024-09-24 21:27:15,721][flwr][INFO] - 
[2024-09-24 21:27:15,721][flwr][INFO] - [ROUND 3]
[2024-09-24 21:27:15,722][flwr][INFO] - configure_fit: strategy sampled 10 clients (out of 10)
[2024-09-24 21:38:33,579][flwr][INFO] - aggregate_fit: received 10 results and 0 failures
[2024-09-24 21:38:33,638][flwr][INFO] - configure_evaluate: strategy sampled 10 clients (out of 10)
[2024-09-24 21:38:48,539][flwr][INFO] - aggregate_evaluate: received 10 results and 0 failures
[2024-09-24 21:38:48,815][flwr][INFO] - 
[2024-09-24 21:38:48,815][flwr][INFO] - [ROUND 4]
[2024-09-24 21:38:48,816][flwr][INFO] - configure_fit: strategy sampled 10 clients (out of 10)
[2024-09-24 21:50:07,212][flwr][INFO] - aggregate_fit: received 10 results and 0 failures
[2024-09-24 21:50:07,272][flwr][INFO] - configure_evaluate: strategy sampled 10 clients (out of 10)
[2024-09-24 21:50:22,501][flwr][INFO] - aggregate_evaluate: received 10 results and 0 failures
[2024-09-24 21:50:22,772][flwr][INFO] - 
[2024-09-24 21:50:22,772][flwr][INFO] - [ROUND 5]
[2024-09-24 21:50:22,773][flwr][INFO] - configure_fit: strategy sampled 10 clients (out of 10)
[2024-09-24 22:01:39,073][flwr][INFO] - aggregate_fit: received 10 results and 0 failures
[2024-09-24 22:01:39,169][flwr][INFO] - configure_evaluate: strategy sampled 10 clients (out of 10)
[2024-09-24 22:01:54,629][flwr][INFO] - aggregate_evaluate: received 10 results and 0 failures
[2024-09-24 22:01:54,900][flwr][INFO] - 
[2024-09-24 22:01:54,900][flwr][INFO] - [ROUND 6]
[2024-09-24 22:01:54,900][flwr][INFO] - configure_fit: strategy sampled 10 clients (out of 10)
[2024-09-24 22:14:43,733][flwr][INFO] - aggregate_fit: received 10 results and 0 failures
[2024-09-24 22:14:43,794][flwr][INFO] - configure_evaluate: strategy sampled 10 clients (out of 10)
[2024-09-24 22:14:59,335][flwr][INFO] - aggregate_evaluate: received 10 results and 0 failures
[2024-09-24 22:14:59,608][flwr][INFO] - 
[2024-09-24 22:14:59,608][flwr][INFO] - [ROUND 7]
[2024-09-24 22:14:59,608][flwr][INFO] - configure_fit: strategy sampled 10 clients (out of 10)
[2024-09-24 22:26:19,006][flwr][INFO] - aggregate_fit: received 10 results and 0 failures
[2024-09-24 22:26:19,066][flwr][INFO] - configure_evaluate: strategy sampled 10 clients (out of 10)
[2024-09-24 22:26:34,412][flwr][INFO] - aggregate_evaluate: received 10 results and 0 failures
[2024-09-24 22:26:34,706][flwr][INFO] - 
[2024-09-24 22:26:34,706][flwr][INFO] - [ROUND 8]
[2024-09-24 22:26:34,707][flwr][INFO] - configure_fit: strategy sampled 10 clients (out of 10)
[2024-09-24 22:37:53,985][flwr][INFO] - aggregate_fit: received 10 results and 0 failures
[2024-09-24 22:37:54,048][flwr][INFO] - configure_evaluate: strategy sampled 10 clients (out of 10)
[2024-09-24 22:38:09,636][flwr][INFO] - aggregate_evaluate: received 10 results and 0 failures
[2024-09-24 22:38:10,416][flwr][INFO] - 
[2024-09-24 22:38:10,417][flwr][INFO] - [SUMMARY]
[2024-09-24 22:38:10,417][flwr][INFO] - Run finished 50 round(s) in 5646.88s
[2024-09-24 22:38:10,417][flwr][INFO] - 	History (loss, distributed):
[2024-09-24 22:38:10,417][flwr][INFO] - 		round 1: 1.7505868673324585
[2024-09-24 22:38:10,417][flwr][INFO] - 		round 2: 1.5167748928070068
[2024-09-24 22:38:10,418][flwr][INFO] - 		round 3: 1.511593520641327
[2024-09-24 22:38:10,418][flwr][INFO] - 		round 4: 1.7105257987976075
[2024-09-24 22:38:10,418][flwr][INFO] - 		round 5: 2.0881967902183534
[2024-09-24 22:38:10,418][flwr][INFO] - 		round 6: 1.7997570514678956
[2024-09-24 22:38:10,418][flwr][INFO] - 		round 7: 1.9663597345352173
[2024-09-24 22:38:10,418][flwr][INFO] - 		round 8: 2.2883952498435973
[2024-09-24 22:38:10,418][flwr][INFO] - 	History (metrics, distributed, evaluate):
[2024-09-24 22:38:10,418][flwr][INFO] - 	{'accuracy': [(1, 0.22745098039215686),
[2024-09-24 22:38:10,418][flwr][INFO] - 	              (2, 0.42549019607843136),
[2024-09-24 22:38:10,418][flwr][INFO] - 	              (3, 0.4117647058823529),
[2024-09-24 22:38:10,419][flwr][INFO] - 	              (4, 0.37058823529411766),
[2024-09-24 22:38:10,419][flwr][INFO] - 	              (5, 0.3627450980392157),
[2024-09-24 22:38:10,419][flwr][INFO] - 	              (6, 0.3784313725490196),
[2024-09-24 22:38:10,419][flwr][INFO] - 	              (7, 0.36470588235294116),
[2024-09-24 22:38:10,419][flwr][INFO] - 	              (8, 0.35294117647058826)]}
[2024-09-24 22:38:10,419][flwr][INFO] - 
