[2024-09-26 08:47:21,781][flwr][INFO] - Starting Flower server, config: num_rounds=50, no round_timeout
[2024-09-26 08:47:21,783][flwr][INFO] - Flower ECE: gRPC server running (50 rounds), SSL is disabled
[2024-09-26 08:47:21,783][flwr][INFO] - [INIT]
[2024-09-26 08:47:21,783][flwr][INFO] - Requesting initial parameters from one random client
[2024-09-26 08:47:54,636][flwr][INFO] - Received initial parameters from one random client
[2024-09-26 08:47:54,636][flwr][INFO] - Evaluating initial global parameters
[2024-09-26 08:47:54,636][flwr][INFO] - 
[2024-09-26 08:47:54,636][flwr][INFO] - [ROUND 1]
[2024-09-26 08:47:58,016][flwr][INFO] - configure_fit: strategy sampled 10 clients (out of 10)
[2024-09-26 08:58:49,775][flwr][INFO] - aggregate_fit: received 10 results and 0 failures
[2024-09-26 08:58:49,833][flwr][WARNING] - No fit_metrics_aggregation_fn provided
[2024-09-26 08:58:49,833][flwr][INFO] - configure_evaluate: strategy sampled 10 clients (out of 10)
[2024-09-26 08:59:04,146][flwr][INFO] - aggregate_evaluate: received 10 results and 0 failures
[2024-09-26 08:59:04,422][flwr][INFO] - 
[2024-09-26 08:59:04,422][flwr][INFO] - [ROUND 2]
[2024-09-26 08:59:04,431][flwr][INFO] - configure_fit: strategy sampled 10 clients (out of 10)
[2024-09-26 09:10:00,925][flwr][INFO] - aggregate_fit: received 10 results and 0 failures
[2024-09-26 09:10:00,985][flwr][INFO] - configure_evaluate: strategy sampled 10 clients (out of 10)
[2024-09-26 09:10:15,216][flwr][INFO] - aggregate_evaluate: received 10 results and 0 failures
[2024-09-26 09:10:15,476][flwr][INFO] - 
[2024-09-26 09:10:15,476][flwr][INFO] - [ROUND 3]
[2024-09-26 09:10:15,476][flwr][INFO] - configure_fit: strategy sampled 10 clients (out of 10)
[2024-09-26 09:21:11,812][flwr][INFO] - aggregate_fit: received 10 results and 0 failures
[2024-09-26 09:21:11,872][flwr][INFO] - configure_evaluate: strategy sampled 10 clients (out of 10)
[2024-09-26 09:21:26,005][flwr][INFO] - aggregate_evaluate: received 10 results and 0 failures
[2024-09-26 09:21:26,336][flwr][INFO] - 
[2024-09-26 09:21:26,336][flwr][INFO] - [ROUND 4]
[2024-09-26 09:21:26,337][flwr][INFO] - configure_fit: strategy sampled 10 clients (out of 10)
[2024-09-26 09:32:22,591][flwr][INFO] - aggregate_fit: received 10 results and 0 failures
[2024-09-26 09:32:22,652][flwr][INFO] - configure_evaluate: strategy sampled 10 clients (out of 10)
[2024-09-26 09:32:36,503][flwr][INFO] - aggregate_evaluate: received 10 results and 0 failures
[2024-09-26 09:32:36,769][flwr][INFO] - 
[2024-09-26 09:32:36,769][flwr][INFO] - [ROUND 5]
[2024-09-26 09:32:36,770][flwr][INFO] - configure_fit: strategy sampled 10 clients (out of 10)
[2024-09-26 09:43:31,708][flwr][INFO] - aggregate_fit: received 10 results and 0 failures
[2024-09-26 09:43:31,767][flwr][INFO] - configure_evaluate: strategy sampled 10 clients (out of 10)
[2024-09-26 09:43:46,141][flwr][INFO] - aggregate_evaluate: received 10 results and 0 failures
[2024-09-26 09:43:46,408][flwr][INFO] - 
[2024-09-26 09:43:46,408][flwr][INFO] - [ROUND 6]
[2024-09-26 09:43:46,409][flwr][INFO] - configure_fit: strategy sampled 10 clients (out of 10)
[2024-09-26 09:54:44,117][flwr][INFO] - aggregate_fit: received 10 results and 0 failures
[2024-09-26 09:54:44,176][flwr][INFO] - configure_evaluate: strategy sampled 10 clients (out of 10)
[2024-09-26 09:54:58,528][flwr][INFO] - aggregate_evaluate: received 10 results and 0 failures
[2024-09-26 09:54:58,797][flwr][INFO] - 
[2024-09-26 09:54:58,797][flwr][INFO] - [ROUND 7]
[2024-09-26 09:54:58,797][flwr][INFO] - configure_fit: strategy sampled 10 clients (out of 10)
[2024-09-26 10:05:56,710][flwr][INFO] - aggregate_fit: received 10 results and 0 failures
[2024-09-26 10:05:56,769][flwr][INFO] - configure_evaluate: strategy sampled 10 clients (out of 10)
[2024-09-26 10:06:11,006][flwr][INFO] - aggregate_evaluate: received 10 results and 0 failures
[2024-09-26 10:06:11,265][flwr][INFO] - 
[2024-09-26 10:06:11,266][flwr][INFO] - [ROUND 8]
[2024-09-26 10:06:11,266][flwr][INFO] - configure_fit: strategy sampled 10 clients (out of 10)
[2024-09-26 10:17:12,189][flwr][INFO] - aggregate_fit: received 10 results and 0 failures
[2024-09-26 10:17:12,246][flwr][INFO] - configure_evaluate: strategy sampled 10 clients (out of 10)
[2024-09-26 10:17:26,367][flwr][INFO] - aggregate_evaluate: received 10 results and 0 failures
[2024-09-26 10:17:26,637][flwr][INFO] - 
[2024-09-26 10:17:26,637][flwr][INFO] - [ROUND 9]
[2024-09-26 10:17:26,638][flwr][INFO] - configure_fit: strategy sampled 10 clients (out of 10)
[2024-09-26 10:28:29,011][flwr][INFO] - aggregate_fit: received 10 results and 0 failures
[2024-09-26 10:28:29,068][flwr][INFO] - configure_evaluate: strategy sampled 10 clients (out of 10)
[2024-09-26 10:28:43,489][flwr][INFO] - aggregate_evaluate: received 10 results and 0 failures
[2024-09-26 10:28:43,769][flwr][INFO] - 
[2024-09-26 10:28:43,770][flwr][INFO] - [SUMMARY]
[2024-09-26 10:28:43,770][flwr][INFO] - Run finished 50 round(s) in 6049.13s
[2024-09-26 10:28:43,770][flwr][INFO] - 	History (loss, distributed):
[2024-09-26 10:28:43,770][flwr][INFO] - 		round 1: 1.7424359560012816
[2024-09-26 10:28:43,770][flwr][INFO] - 		round 2: 1.6810607671737672
[2024-09-26 10:28:43,771][flwr][INFO] - 		round 3: 1.6877161264419556
[2024-09-26 10:28:43,771][flwr][INFO] - 		round 4: 1.6047800660133362
[2024-09-26 10:28:43,771][flwr][INFO] - 		round 5: 1.7799206018447875
[2024-09-26 10:28:43,771][flwr][INFO] - 		round 6: 1.7664108395576477
[2024-09-26 10:28:43,771][flwr][INFO] - 		round 7: 1.88417991399765
[2024-09-26 10:28:43,771][flwr][INFO] - 		round 8: 2.019904112815857
[2024-09-26 10:28:43,771][flwr][INFO] - 		round 9: 2.1666730999946595
[2024-09-26 10:28:43,771][flwr][INFO] - 	History (metrics, distributed, evaluate):
[2024-09-26 10:28:43,771][flwr][INFO] - 	{'accuracy': [(1, 0.20784313725490197),
[2024-09-26 10:28:43,771][flwr][INFO] - 	              (2, 0.30980392156862746),
[2024-09-26 10:28:43,771][flwr][INFO] - 	              (3, 0.3196078431372549),
[2024-09-26 10:28:43,772][flwr][INFO] - 	              (4, 0.37058823529411766),
[2024-09-26 10:28:43,772][flwr][INFO] - 	              (5, 0.3627450980392157),
[2024-09-26 10:28:43,772][flwr][INFO] - 	              (6, 0.39019607843137255),
[2024-09-26 10:28:43,772][flwr][INFO] - 	              (7, 0.4215686274509804),
[2024-09-26 10:28:43,772][flwr][INFO] - 	              (8, 0.43529411764705883),
[2024-09-26 10:28:43,772][flwr][INFO] - 	              (9, 0.4176470588235294)]}
[2024-09-26 10:28:43,772][flwr][INFO] - 
