[2024-09-25 12:35:54,517][flwr][INFO] - Starting Flower server, config: num_rounds=50, no round_timeout
[2024-09-25 12:35:54,519][flwr][INFO] - Flower ECE: gRPC server running (50 rounds), SSL is disabled
[2024-09-25 12:35:54,519][flwr][INFO] - [INIT]
[2024-09-25 12:35:54,519][flwr][INFO] - Requesting initial parameters from one random client
[2024-09-25 12:36:17,183][flwr][INFO] - Received initial parameters from one random client
[2024-09-25 12:36:17,183][flwr][INFO] - Evaluating initial global parameters
[2024-09-25 12:36:17,183][flwr][INFO] - 
[2024-09-25 12:36:17,183][flwr][INFO] - [ROUND 1]
[2024-09-25 12:36:19,248][flwr][INFO] - configure_fit: strategy sampled 10 clients (out of 10)
[2024-09-25 12:47:28,296][flwr][INFO] - aggregate_fit: received 10 results and 0 failures
[2024-09-25 12:47:28,356][flwr][WARNING] - No fit_metrics_aggregation_fn provided
[2024-09-25 12:47:28,357][flwr][INFO] - configure_evaluate: strategy sampled 10 clients (out of 10)
[2024-09-25 12:47:43,712][flwr][INFO] - aggregate_evaluate: received 10 results and 0 failures
[2024-09-25 12:47:43,984][flwr][INFO] - 
[2024-09-25 12:47:43,984][flwr][INFO] - [ROUND 2]
[2024-09-25 12:47:43,985][flwr][INFO] - configure_fit: strategy sampled 10 clients (out of 10)
[2024-09-25 12:58:59,112][flwr][INFO] - aggregate_fit: received 10 results and 0 failures
[2024-09-25 12:58:59,187][flwr][INFO] - configure_evaluate: strategy sampled 10 clients (out of 10)
[2024-09-25 12:59:14,226][flwr][INFO] - aggregate_evaluate: received 10 results and 0 failures
[2024-09-25 12:59:14,504][flwr][INFO] - 
[2024-09-25 12:59:14,505][flwr][INFO] - [ROUND 3]
[2024-09-25 12:59:14,513][flwr][INFO] - configure_fit: strategy sampled 10 clients (out of 10)
[2024-09-25 13:10:31,213][flwr][INFO] - aggregate_fit: received 10 results and 0 failures
[2024-09-25 13:10:31,277][flwr][INFO] - configure_evaluate: strategy sampled 10 clients (out of 10)
[2024-09-25 13:10:46,717][flwr][INFO] - aggregate_evaluate: received 10 results and 0 failures
[2024-09-25 13:10:46,993][flwr][INFO] - 
[2024-09-25 13:10:46,993][flwr][INFO] - [ROUND 4]
[2024-09-25 13:10:46,994][flwr][INFO] - configure_fit: strategy sampled 10 clients (out of 10)
[2024-09-25 13:22:07,889][flwr][INFO] - aggregate_fit: received 10 results and 0 failures
[2024-09-25 13:22:07,954][flwr][INFO] - configure_evaluate: strategy sampled 10 clients (out of 10)
[2024-09-25 13:22:23,005][flwr][INFO] - aggregate_evaluate: received 10 results and 0 failures
[2024-09-25 13:22:23,272][flwr][INFO] - 
[2024-09-25 13:22:23,273][flwr][INFO] - [ROUND 5]
[2024-09-25 13:22:23,273][flwr][INFO] - configure_fit: strategy sampled 10 clients (out of 10)
[2024-09-25 13:33:42,836][flwr][INFO] - aggregate_fit: received 10 results and 0 failures
[2024-09-25 13:33:42,899][flwr][INFO] - configure_evaluate: strategy sampled 10 clients (out of 10)
[2024-09-25 13:33:58,282][flwr][INFO] - aggregate_evaluate: received 10 results and 0 failures
[2024-09-25 13:33:58,553][flwr][INFO] - 
[2024-09-25 13:33:58,554][flwr][INFO] - [ROUND 6]
[2024-09-25 13:33:58,554][flwr][INFO] - configure_fit: strategy sampled 10 clients (out of 10)
[2024-09-25 13:45:15,816][flwr][INFO] - aggregate_fit: received 10 results and 0 failures
[2024-09-25 13:45:15,880][flwr][INFO] - configure_evaluate: strategy sampled 10 clients (out of 10)
[2024-09-25 13:45:31,520][flwr][INFO] - aggregate_evaluate: received 10 results and 0 failures
[2024-09-25 13:45:31,782][flwr][INFO] - 
[2024-09-25 13:45:31,782][flwr][INFO] - [ROUND 7]
[2024-09-25 13:45:31,782][flwr][INFO] - configure_fit: strategy sampled 10 clients (out of 10)
[2024-09-25 13:56:49,898][flwr][INFO] - aggregate_fit: received 10 results and 0 failures
[2024-09-25 13:56:49,962][flwr][INFO] - configure_evaluate: strategy sampled 10 clients (out of 10)
[2024-09-25 13:57:05,214][flwr][INFO] - aggregate_evaluate: received 10 results and 0 failures
[2024-09-25 13:57:05,473][flwr][INFO] - 
[2024-09-25 13:57:05,474][flwr][INFO] - [ROUND 8]
[2024-09-25 13:57:05,474][flwr][INFO] - configure_fit: strategy sampled 10 clients (out of 10)
[2024-09-25 14:08:32,341][flwr][INFO] - aggregate_fit: received 10 results and 0 failures
[2024-09-25 14:08:32,401][flwr][INFO] - configure_evaluate: strategy sampled 10 clients (out of 10)
[2024-09-25 14:08:47,602][flwr][INFO] - aggregate_evaluate: received 10 results and 0 failures
[2024-09-25 14:08:47,882][flwr][INFO] - 
[2024-09-25 14:08:47,883][flwr][INFO] - [SUMMARY]
[2024-09-25 14:08:47,883][flwr][INFO] - Run finished 50 round(s) in 5550.69s
[2024-09-25 14:08:47,883][flwr][INFO] - 	History (loss, distributed):
[2024-09-25 14:08:47,883][flwr][INFO] - 		round 1: 1.6201051235198975
[2024-09-25 14:08:47,884][flwr][INFO] - 		round 2: 1.4122487306594849
[2024-09-25 14:08:47,884][flwr][INFO] - 		round 3: 1.339470624923706
[2024-09-25 14:08:47,884][flwr][INFO] - 		round 4: 1.3659613728523254
[2024-09-25 14:08:47,884][flwr][INFO] - 		round 5: 1.6179580211639404
[2024-09-25 14:08:47,884][flwr][INFO] - 		round 6: 1.509702777862549
[2024-09-25 14:08:47,884][flwr][INFO] - 		round 7: 1.692582619190216
[2024-09-25 14:08:47,884][flwr][INFO] - 		round 8: 1.8103195786476136
[2024-09-25 14:08:47,885][flwr][INFO] - 	History (metrics, distributed, evaluate):
[2024-09-25 14:08:47,885][flwr][INFO] - 	{'accuracy': [(1, 0.33137254901960783),
[2024-09-25 14:08:47,885][flwr][INFO] - 	              (2, 0.4372549019607843),
[2024-09-25 14:08:47,885][flwr][INFO] - 	              (3, 0.5078431372549019),
[2024-09-25 14:08:47,885][flwr][INFO] - 	              (4, 0.5078431372549019),
[2024-09-25 14:08:47,885][flwr][INFO] - 	              (5, 0.47058823529411764),
[2024-09-25 14:08:47,885][flwr][INFO] - 	              (6, 0.5078431372549019),
[2024-09-25 14:08:47,886][flwr][INFO] - 	              (7, 0.47843137254901963),
[2024-09-25 14:08:47,886][flwr][INFO] - 	              (8, 0.49607843137254903)]}
[2024-09-25 14:08:47,886][flwr][INFO] - 
