[2024-09-25 19:01:37,808][flwr][INFO] - Starting Flower server, config: num_rounds=50, no round_timeout
[2024-09-25 19:01:37,813][flwr][INFO] - Flower ECE: gRPC server running (50 rounds), SSL is disabled
[2024-09-25 19:01:37,813][flwr][INFO] - [INIT]
[2024-09-25 19:01:37,813][flwr][INFO] - Requesting initial parameters from one random client
[2024-09-25 19:02:24,959][flwr][INFO] - Received initial parameters from one random client
[2024-09-25 19:02:24,959][flwr][INFO] - Evaluating initial global parameters
[2024-09-25 19:02:24,959][flwr][INFO] - 
[2024-09-25 19:02:24,959][flwr][INFO] - [ROUND 1]
[2024-09-25 19:02:32,233][flwr][INFO] - configure_fit: strategy sampled 10 clients (out of 10)
[2024-09-25 19:12:06,859][flwr][INFO] - aggregate_fit: received 10 results and 0 failures
[2024-09-25 19:12:06,921][flwr][WARNING] - No fit_metrics_aggregation_fn provided
[2024-09-25 19:12:06,921][flwr][INFO] - configure_evaluate: strategy sampled 10 clients (out of 10)
[2024-09-25 19:12:20,309][flwr][INFO] - aggregate_evaluate: received 10 results and 0 failures
[2024-09-25 19:12:20,578][flwr][INFO] - 
[2024-09-25 19:12:20,578][flwr][INFO] - [ROUND 2]
[2024-09-25 19:12:20,579][flwr][INFO] - configure_fit: strategy sampled 10 clients (out of 10)
[2024-09-25 19:23:02,113][flwr][INFO] - aggregate_fit: received 10 results and 0 failures
[2024-09-25 19:23:02,172][flwr][INFO] - configure_evaluate: strategy sampled 10 clients (out of 10)
[2024-09-25 19:23:15,860][flwr][INFO] - aggregate_evaluate: received 10 results and 0 failures
[2024-09-25 19:23:16,133][flwr][INFO] - 
[2024-09-25 19:23:16,134][flwr][INFO] - [ROUND 3]
[2024-09-25 19:23:16,134][flwr][INFO] - configure_fit: strategy sampled 10 clients (out of 10)
[2024-09-25 19:34:09,490][flwr][INFO] - aggregate_fit: received 10 results and 0 failures
[2024-09-25 19:34:09,550][flwr][INFO] - configure_evaluate: strategy sampled 10 clients (out of 10)
[2024-09-25 19:34:23,071][flwr][INFO] - aggregate_evaluate: received 10 results and 0 failures
[2024-09-25 19:34:23,356][flwr][INFO] - 
[2024-09-25 19:34:23,357][flwr][INFO] - [ROUND 4]
[2024-09-25 19:34:23,357][flwr][INFO] - configure_fit: strategy sampled 10 clients (out of 10)
[2024-09-25 19:45:24,975][flwr][INFO] - aggregate_fit: received 10 results and 0 failures
[2024-09-25 19:45:25,036][flwr][INFO] - configure_evaluate: strategy sampled 10 clients (out of 10)
[2024-09-25 19:45:38,589][flwr][INFO] - aggregate_evaluate: received 10 results and 0 failures
[2024-09-25 19:45:38,892][flwr][INFO] - 
[2024-09-25 19:45:38,892][flwr][INFO] - [ROUND 5]
[2024-09-25 19:45:38,893][flwr][INFO] - configure_fit: strategy sampled 10 clients (out of 10)
[2024-09-25 19:56:39,818][flwr][INFO] - aggregate_fit: received 10 results and 0 failures
[2024-09-25 19:56:39,878][flwr][INFO] - configure_evaluate: strategy sampled 10 clients (out of 10)
[2024-09-25 19:56:53,528][flwr][INFO] - aggregate_evaluate: received 10 results and 0 failures
[2024-09-25 19:56:53,819][flwr][INFO] - 
[2024-09-25 19:56:53,819][flwr][INFO] - [ROUND 6]
[2024-09-25 19:56:53,819][flwr][INFO] - configure_fit: strategy sampled 10 clients (out of 10)
[2024-09-25 20:07:48,559][flwr][INFO] - aggregate_fit: received 10 results and 0 failures
[2024-09-25 20:07:48,617][flwr][INFO] - configure_evaluate: strategy sampled 10 clients (out of 10)
[2024-09-25 20:08:02,578][flwr][INFO] - aggregate_evaluate: received 10 results and 0 failures
[2024-09-25 20:08:02,879][flwr][INFO] - 
[2024-09-25 20:08:02,879][flwr][INFO] - [ROUND 7]
[2024-09-25 20:08:02,880][flwr][INFO] - configure_fit: strategy sampled 10 clients (out of 10)
[2024-09-25 20:19:01,713][flwr][INFO] - aggregate_fit: received 10 results and 0 failures
[2024-09-25 20:19:01,773][flwr][INFO] - configure_evaluate: strategy sampled 10 clients (out of 10)
[2024-09-25 20:19:15,306][flwr][INFO] - aggregate_evaluate: received 10 results and 0 failures
[2024-09-25 20:19:15,574][flwr][INFO] - 
[2024-09-25 20:19:15,574][flwr][INFO] - [ROUND 8]
[2024-09-25 20:19:15,575][flwr][INFO] - configure_fit: strategy sampled 10 clients (out of 10)
[2024-09-25 20:30:12,392][flwr][INFO] - aggregate_fit: received 10 results and 0 failures
[2024-09-25 20:30:12,451][flwr][INFO] - configure_evaluate: strategy sampled 10 clients (out of 10)
[2024-09-25 20:30:26,319][flwr][INFO] - aggregate_evaluate: received 10 results and 0 failures
[2024-09-25 20:30:26,592][flwr][INFO] - 
[2024-09-25 20:30:26,592][flwr][INFO] - [ROUND 9]
[2024-09-25 20:30:26,593][flwr][INFO] - configure_fit: strategy sampled 10 clients (out of 10)
[2024-09-25 20:41:20,849][flwr][INFO] - aggregate_fit: received 10 results and 0 failures
[2024-09-25 20:41:20,910][flwr][INFO] - configure_evaluate: strategy sampled 10 clients (out of 10)
[2024-09-25 20:41:34,446][flwr][INFO] - aggregate_evaluate: received 10 results and 0 failures
[2024-09-25 20:41:34,728][flwr][INFO] - 
[2024-09-25 20:41:34,728][flwr][INFO] - [SUMMARY]
[2024-09-25 20:41:34,728][flwr][INFO] - Run finished 50 round(s) in 5949.76s
[2024-09-25 20:41:34,729][flwr][INFO] - 	History (loss, distributed):
[2024-09-25 20:41:34,729][flwr][INFO] - 		round 1: 1.7361303448677063
[2024-09-25 20:41:34,729][flwr][INFO] - 		round 2: 1.6681311011314393
[2024-09-25 20:41:34,730][flwr][INFO] - 		round 3: 1.5403112530708314
[2024-09-25 20:41:34,730][flwr][INFO] - 		round 4: 1.453282618522644
[2024-09-25 20:41:34,730][flwr][INFO] - 		round 5: 1.630673885345459
[2024-09-25 20:41:34,730][flwr][INFO] - 		round 6: 1.5631017446517945
[2024-09-25 20:41:34,730][flwr][INFO] - 		round 7: 1.7074254989624023
[2024-09-25 20:41:34,730][flwr][INFO] - 		round 8: 1.8563401579856873
[2024-09-25 20:41:34,730][flwr][INFO] - 		round 9: 1.7441468596458436
[2024-09-25 20:41:34,730][flwr][INFO] - 	History (metrics, distributed, evaluate):
[2024-09-25 20:41:34,730][flwr][INFO] - 	{'accuracy': [(1, 0.21176470588235294),
[2024-09-25 20:41:34,730][flwr][INFO] - 	              (2, 0.31176470588235294),
[2024-09-25 20:41:34,731][flwr][INFO] - 	              (3, 0.40980392156862744),
[2024-09-25 20:41:34,731][flwr][INFO] - 	              (4, 0.4294117647058823),
[2024-09-25 20:41:34,731][flwr][INFO] - 	              (5, 0.41568627450980394),
[2024-09-25 20:41:34,731][flwr][INFO] - 	              (6, 0.4568627450980392),
[2024-09-25 20:41:34,731][flwr][INFO] - 	              (7, 0.4215686274509804),
[2024-09-25 20:41:34,731][flwr][INFO] - 	              (8, 0.47843137254901963),
[2024-09-25 20:41:34,731][flwr][INFO] - 	              (9, 0.4647058823529412)]}
[2024-09-25 20:41:34,731][flwr][INFO] - 
