[2024-09-26 10:28:44,144][flwr][INFO] - Starting Flower server, config: num_rounds=50, no round_timeout
[2024-09-26 10:28:44,146][flwr][INFO] - Flower ECE: gRPC server running (50 rounds), SSL is disabled
[2024-09-26 10:28:44,146][flwr][INFO] - [INIT]
[2024-09-26 10:28:44,146][flwr][INFO] - Requesting initial parameters from one random client
[2024-09-26 10:29:08,453][flwr][INFO] - Received initial parameters from one random client
[2024-09-26 10:29:08,453][flwr][INFO] - Evaluating initial global parameters
[2024-09-26 10:29:08,454][flwr][INFO] - 
[2024-09-26 10:29:08,454][flwr][INFO] - [ROUND 1]
[2024-09-26 10:29:10,884][flwr][INFO] - configure_fit: strategy sampled 10 clients (out of 10)
[2024-09-26 10:40:12,521][flwr][INFO] - aggregate_fit: received 10 results and 0 failures
[2024-09-26 10:40:12,578][flwr][WARNING] - No fit_metrics_aggregation_fn provided
[2024-09-26 10:40:12,578][flwr][INFO] - configure_evaluate: strategy sampled 10 clients (out of 10)
[2024-09-26 10:40:26,817][flwr][INFO] - aggregate_evaluate: received 10 results and 0 failures
[2024-09-26 10:40:27,076][flwr][INFO] - 
[2024-09-26 10:40:27,076][flwr][INFO] - [ROUND 2]
[2024-09-26 10:40:27,077][flwr][INFO] - configure_fit: strategy sampled 10 clients (out of 10)
[2024-09-26 10:52:25,209][flwr][INFO] - aggregate_fit: received 10 results and 0 failures
[2024-09-26 10:52:25,266][flwr][INFO] - configure_evaluate: strategy sampled 10 clients (out of 10)
[2024-09-26 10:52:39,879][flwr][INFO] - aggregate_evaluate: received 10 results and 0 failures
[2024-09-26 10:52:40,145][flwr][INFO] - 
[2024-09-26 10:52:40,145][flwr][INFO] - [ROUND 3]
[2024-09-26 10:52:40,146][flwr][INFO] - configure_fit: strategy sampled 10 clients (out of 10)
[2024-09-26 11:04:09,249][flwr][INFO] - aggregate_fit: received 10 results and 0 failures
[2024-09-26 11:04:09,310][flwr][INFO] - configure_evaluate: strategy sampled 10 clients (out of 10)
[2024-09-26 11:04:23,853][flwr][INFO] - aggregate_evaluate: received 10 results and 0 failures
[2024-09-26 11:04:24,120][flwr][INFO] - 
[2024-09-26 11:04:24,120][flwr][INFO] - [ROUND 4]
[2024-09-26 11:04:24,120][flwr][INFO] - configure_fit: strategy sampled 10 clients (out of 10)
[2024-09-26 11:15:34,902][flwr][INFO] - aggregate_fit: received 10 results and 0 failures
[2024-09-26 11:15:34,961][flwr][INFO] - configure_evaluate: strategy sampled 10 clients (out of 10)
[2024-09-26 11:15:49,637][flwr][INFO] - aggregate_evaluate: received 10 results and 0 failures
[2024-09-26 11:15:49,911][flwr][INFO] - 
[2024-09-26 11:15:49,911][flwr][INFO] - [ROUND 5]
[2024-09-26 11:15:49,912][flwr][INFO] - configure_fit: strategy sampled 10 clients (out of 10)
[2024-09-26 11:26:55,243][flwr][INFO] - aggregate_fit: received 10 results and 0 failures
[2024-09-26 11:26:55,300][flwr][INFO] - configure_evaluate: strategy sampled 10 clients (out of 10)
[2024-09-26 11:27:10,323][flwr][INFO] - aggregate_evaluate: received 10 results and 0 failures
[2024-09-26 11:27:10,587][flwr][INFO] - 
[2024-09-26 11:27:10,587][flwr][INFO] - [ROUND 6]
[2024-09-26 11:27:10,588][flwr][INFO] - configure_fit: strategy sampled 10 clients (out of 10)
[2024-09-26 11:38:19,814][flwr][INFO] - aggregate_fit: received 10 results and 0 failures
[2024-09-26 11:38:19,877][flwr][INFO] - configure_evaluate: strategy sampled 10 clients (out of 10)
[2024-09-26 11:38:34,559][flwr][INFO] - aggregate_evaluate: received 10 results and 0 failures
[2024-09-26 11:38:34,830][flwr][INFO] - 
[2024-09-26 11:38:34,830][flwr][INFO] - [ROUND 7]
[2024-09-26 11:38:34,831][flwr][INFO] - configure_fit: strategy sampled 10 clients (out of 10)
[2024-09-26 11:49:45,683][flwr][INFO] - aggregate_fit: received 10 results and 0 failures
[2024-09-26 11:49:45,744][flwr][INFO] - configure_evaluate: strategy sampled 10 clients (out of 10)
[2024-09-26 11:50:00,485][flwr][INFO] - aggregate_evaluate: received 10 results and 0 failures
[2024-09-26 11:50:00,803][flwr][INFO] - 
[2024-09-26 11:50:00,804][flwr][INFO] - [ROUND 8]
[2024-09-26 11:50:00,804][flwr][INFO] - configure_fit: strategy sampled 10 clients (out of 10)
[2024-09-26 12:01:09,891][flwr][INFO] - aggregate_fit: received 10 results and 0 failures
[2024-09-26 12:01:09,949][flwr][INFO] - configure_evaluate: strategy sampled 10 clients (out of 10)
[2024-09-26 12:01:24,420][flwr][INFO] - aggregate_evaluate: received 10 results and 0 failures
[2024-09-26 12:01:24,710][flwr][INFO] - 
[2024-09-26 12:01:24,711][flwr][INFO] - [ROUND 9]
[2024-09-26 12:01:24,711][flwr][INFO] - configure_fit: strategy sampled 10 clients (out of 10)
[2024-09-26 12:12:32,057][flwr][INFO] - aggregate_fit: received 10 results and 0 failures
[2024-09-26 12:12:32,116][flwr][INFO] - configure_evaluate: strategy sampled 10 clients (out of 10)
[2024-09-26 12:12:46,389][flwr][INFO] - aggregate_evaluate: received 10 results and 0 failures
[2024-09-26 12:12:46,664][flwr][INFO] - 
[2024-09-26 12:12:46,664][flwr][INFO] - [SUMMARY]
[2024-09-26 12:12:46,664][flwr][INFO] - Run finished 50 round(s) in 6218.21s
[2024-09-26 12:12:46,664][flwr][INFO] - 	History (loss, distributed):
[2024-09-26 12:12:46,664][flwr][INFO] - 		round 1: 1.7361303687095642
[2024-09-26 12:12:46,664][flwr][INFO] - 		round 2: 1.6674174427986146
[2024-09-26 12:12:46,664][flwr][INFO] - 		round 3: 1.5265834331512451
[2024-09-26 12:12:46,664][flwr][INFO] - 		round 4: 1.459814476966858
[2024-09-26 12:12:46,664][flwr][INFO] - 		round 5: 1.6019142508506774
[2024-09-26 12:12:46,664][flwr][INFO] - 		round 6: 1.6226874589920044
[2024-09-26 12:12:46,664][flwr][INFO] - 		round 7: 1.6903319954872131
[2024-09-26 12:12:46,664][flwr][INFO] - 		round 8: 1.7574846982955932
[2024-09-26 12:12:46,664][flwr][INFO] - 		round 9: 1.7879507184028625
[2024-09-26 12:12:46,665][flwr][INFO] - 	History (metrics, distributed, evaluate):
[2024-09-26 12:12:46,665][flwr][INFO] - 	{'accuracy': [(1, 0.21176470588235294),
[2024-09-26 12:12:46,665][flwr][INFO] - 	              (2, 0.3156862745098039),
[2024-09-26 12:12:46,665][flwr][INFO] - 	              (3, 0.40784313725490196),
[2024-09-26 12:12:46,665][flwr][INFO] - 	              (4, 0.43333333333333335),
[2024-09-26 12:12:46,665][flwr][INFO] - 	              (5, 0.4176470588235294),
[2024-09-26 12:12:46,665][flwr][INFO] - 	              (6, 0.4372549019607843),
[2024-09-26 12:12:46,665][flwr][INFO] - 	              (7, 0.42745098039215684),
[2024-09-26 12:12:46,665][flwr][INFO] - 	              (8, 0.46078431372549017),
[2024-09-26 12:12:46,665][flwr][INFO] - 	              (9, 0.4568627450980392)]}
[2024-09-26 12:12:46,665][flwr][INFO] - 
